<?xml version="1.0" encoding="UTF-8"?>
<!-- Generated by org.testng.reporters.JUnitXMLReporter -->
<testsuite hostname="NIT-LPT-R0100" ignored="1" name="Default test" tests="1" failures="0" timestamp="09 Jul 2019 06:53:37 GMT" time="0.31" errors="0">
  <testcase name="@BeforeMethod setup" time="0.0" classname="com.appium.base.BaseTest">
    <failure type="org.testng.TestNGException" message="
Parameter &amp;apos;platform&amp;apos; is required by BeforeMethod on method setup but has not been marked @Optional or defined
in C:\Users\sagar.sonar\AppData\Local\Temp\testng-eclipse-1495647276\testng-customsuite.xml">
      <![CDATA[org.testng.TestNGException: 
Parameter 'platform' is required by BeforeMethod on method setup but has not been marked @Optional or defined
in C:\Users\sagar.sonar\AppData\Local\Temp\testng-eclipse-1495647276\testng-customsuite.xml
at org.testng.internal.Parameters.createParams(Parameters.java:290)
at org.testng.internal.Parameters.createParametersForMethod(Parameters.java:359)
at org.testng.internal.Parameters.createParameters(Parameters.java:620)
at org.testng.internal.Parameters.createConfigurationParameters(Parameters.java:190)
at org.testng.internal.Invoker.invokeConfigurations(Invoker.java:209)
at org.testng.internal.Invoker.invokeMethod(Invoker.java:523)
at org.testng.internal.Invoker.invokeTestMethod(Invoker.java:719)
at org.testng.internal.Invoker.invokeTestMethods(Invoker.java:989)
at org.testng.internal.TestMethodWorker.invokeTestMethods(TestMethodWorker.java:125)
at org.testng.internal.TestMethodWorker.run(TestMethodWorker.java:109)
at org.testng.TestRunner.privateRun(TestRunner.java:648)
at org.testng.TestRunner.run(TestRunner.java:505)
at org.testng.SuiteRunner.runTest(SuiteRunner.java:455)
at org.testng.SuiteRunner.runSequentially(SuiteRunner.java:450)
at org.testng.SuiteRunner.privateRun(SuiteRunner.java:415)
at org.testng.SuiteRunner.run(SuiteRunner.java:364)
at org.testng.SuiteRunnerWorker.runSuite(SuiteRunnerWorker.java:52)
at org.testng.SuiteRunnerWorker.run(SuiteRunnerWorker.java:84)
at org.testng.TestNG.runSuitesSequentially(TestNG.java:1208)
at org.testng.TestNG.runSuitesLocally(TestNG.java:1137)
at org.testng.TestNG.runSuites(TestNG.java:1049)
at org.testng.TestNG.run(TestNG.java:1017)
at org.testng.remote.AbstractRemoteTestNG.run(AbstractRemoteTestNG.java:115)
at org.testng.remote.RemoteTestNG.initAndRun(RemoteTestNG.java:251)
at org.testng.remote.RemoteTestNG.main(RemoteTestNG.java:77)
]]>
    </failure>
  </testcase> <!-- @BeforeMethod setup -->
  <testcase name="@AfterMethod getReport" time="0.0" classname="com.appium.base.BaseTest">
    <skipped/>
  </testcase> <!-- @AfterMethod getReport -->
  <testcase name="@AfterClass afterClass" time="0.0" classname="com.appium.base.BaseTest">
    <skipped/>
  </testcase> <!-- @AfterClass afterClass -->
  <testcase name="verify_Application_Log_With_Vertical_Scroll" time="0.0" classname="com.appium.testcase.LoginTest">
    <skipped/>
  </testcase> <!-- verify_Application_Log_With_Vertical_Scroll -->
  <testcase name="verify_loginfunctionality_for_valid_credentials" time="0.0" classname="com.appium.testcase.LoginTest">
    <ignored/>
  </testcase> <!-- verify_loginfunctionality_for_valid_credentials -->
</testsuite> <!-- Default test -->
