<?xml version="1.0" encoding="UTF-8"?>
<testng-results skipped="0" failed="1" ignored="0" total="1" passed="0">
  <reporter-output>
  </reporter-output>
  <suite name="Suite" duration-ms="25228" started-at="2019-07-05T08:48:07Z" finished-at="2019-07-05T08:48:32Z">
    <groups>
    </groups>
    <test name="Android emulator1" duration-ms="25228" started-at="2019-07-05T08:48:07Z" finished-at="2019-07-05T08:48:32Z">
      <class name="com.appium.testcase.LoginTest">
        <test-method status="PASS" signature="initReport()[pri:0, instance:com.appium.testcase.LoginTest@6321e813]" name="initReport" is-config="true" duration-ms="146" started-at="2019-07-05T08:48:07Z" finished-at="2019-07-05T08:48:07Z">
          <reporter-output>
          </reporter-output>
        </test-method> <!-- initReport -->
        <test-method status="PASS" signature="PlanFinderParent()[pri:0, instance:com.appium.testcase.LoginTest@6321e813]" name="PlanFinderParent" is-config="true" duration-ms="2" started-at="2019-07-05T08:48:07Z" finished-at="2019-07-05T08:48:07Z">
          <reporter-output>
          </reporter-output>
        </test-method> <!-- PlanFinderParent -->
        <test-method status="PASS" signature="setup(java.lang.String, java.lang.String, java.lang.String, java.lang.String)[pri:0, instance:com.appium.testcase.LoginTest@6321e813]" name="setup" is-config="true" duration-ms="15851" started-at="2019-07-05T08:48:07Z" finished-at="2019-07-05T08:48:23Z">
          <params>
            <param index="0">
              <value>
                <![CDATA[android]]>
              </value>
            </param>
            <param index="1">
              <value>
                <![CDATA[emulator-5554]]>
              </value>
            </param>
            <param index="2">
              <value>
                <![CDATA[http://127.0.0.1:4723/wd/hub]]>
              </value>
            </param>
            <param index="3">
              <value>
                <![CDATA[9]]>
              </value>
            </param>
          </params>
          <reporter-output>
          </reporter-output>
        </test-method> <!-- setup -->
        <test-method status="FAIL" signature="verify_loginfunctionality_for_valid_credentials()[pri:0, instance:com.appium.testcase.LoginTest@6321e813]" name="verify_loginfunctionality_for_valid_credentials" duration-ms="6249" started-at="2019-07-05T08:48:23Z" finished-at="2019-07-05T08:48:29Z">
          <exception class="java.lang.AssertionError">
            <message>
              <![CDATA[expected [false] but found [true]]]>
            </message>
            <full-stacktrace>
              <![CDATA[java.lang.AssertionError: expected [false] but found [true]
at org.testng.Assert.fail(Assert.java:96)
at org.testng.Assert.failNotEquals(Assert.java:776)
at org.testng.Assert.assertEqualsImpl(Assert.java:137)
at org.testng.Assert.assertEquals(Assert.java:118)
at org.testng.Assert.assertEquals(Assert.java:568)
at org.testng.Assert.assertEquals(Assert.java:578)
at com.appium.testcase.LoginTest.verify_loginfunctionality_for_valid_credentials(LoginTest.java:34)
at sun.reflect.NativeMethodAccessorImpl.invoke0(Native Method)
at sun.reflect.NativeMethodAccessorImpl.invoke(Unknown Source)
at sun.reflect.DelegatingMethodAccessorImpl.invoke(Unknown Source)
at java.lang.reflect.Method.invoke(Unknown Source)
at org.testng.internal.MethodInvocationHelper.invokeMethod(MethodInvocationHelper.java:124)
at org.testng.internal.Invoker.invokeMethod(Invoker.java:583)
at org.testng.internal.Invoker.invokeTestMethod(Invoker.java:719)
at org.testng.internal.Invoker.invokeTestMethods(Invoker.java:989)
at org.testng.internal.TestMethodWorker.invokeTestMethods(TestMethodWorker.java:125)
at org.testng.internal.TestMethodWorker.run(TestMethodWorker.java:109)
at org.testng.TestRunner.privateRun(TestRunner.java:648)
at org.testng.TestRunner.run(TestRunner.java:505)
at org.testng.SuiteRunner.runTest(SuiteRunner.java:455)
at org.testng.SuiteRunner.access$000(SuiteRunner.java:40)
at org.testng.SuiteRunner$SuiteWorker.run(SuiteRunner.java:489)
at org.testng.internal.thread.ThreadUtil$1.call(ThreadUtil.java:52)
at java.util.concurrent.FutureTask.run(Unknown Source)
at java.util.concurrent.ThreadPoolExecutor.runWorker(Unknown Source)
at java.util.concurrent.ThreadPoolExecutor$Worker.run(Unknown Source)
at java.lang.Thread.run(Unknown Source)
]]>
            </full-stacktrace>
          </exception> <!-- java.lang.AssertionError -->
          <reporter-output>
          </reporter-output>
        </test-method> <!-- verify_loginfunctionality_for_valid_credentials -->
        <test-method status="PASS" signature="getReport(org.testng.ITestResult)[pri:0, instance:com.appium.testcase.LoginTest@6321e813]" name="getReport" is-config="true" duration-ms="2298" started-at="2019-07-05T08:48:29Z" finished-at="2019-07-05T08:48:32Z">
          <params>
            <param index="0">
              <value>
                <![CDATA[[TestResult name=verify_loginfunctionality_for_valid_credentials status=FAILURE method=LoginTest.verify_loginfunctionality_for_valid_credentials()[pri:0, instance:com.appium.testcase.LoginTest@6321e813] output={null}]]]>
              </value>
            </param>
          </params>
          <reporter-output>
          </reporter-output>
        </test-method> <!-- getReport -->
        <test-method status="PASS" signature="afterClass()[pri:0, instance:com.appium.testcase.LoginTest@6321e813]" name="afterClass" is-config="true" duration-ms="663" started-at="2019-07-05T08:48:32Z" finished-at="2019-07-05T08:48:32Z">
          <reporter-output>
          </reporter-output>
        </test-method> <!-- afterClass -->
        <test-method status="PASS" signature="sendEmailableReport()[pri:0, instance:com.appium.testcase.LoginTest@6321e813]" name="sendEmailableReport" is-config="true" duration-ms="1080" started-at="2019-07-05T08:48:32Z" finished-at="2019-07-05T08:48:34Z">
          <reporter-output>
          </reporter-output>
        </test-method> <!-- sendEmailableReport -->
      </class> <!-- com.appium.testcase.LoginTest -->
    </test> <!-- Android emulator1 -->
  </suite> <!-- Suite -->
</testng-results>
